<?xml version="1.0" encoding="utf-8"?><testsuites name="pytest tests"><testsuite name="pytest" errors="0" failures="0" skipped="0" tests="7" time="85.618" timestamp="2026-09-21T19:56:30.708547+08:00" hostname="VM-0-3-ubuntu"><testcase classname="scripts.frontend_p0_capture" name="test_capture_login_workspace_history" time="18.232" /><testcase classname="scripts.frontend_p0_capture" name="test_capture_login_loading_and_error" time="3.583" /><testcase classname="scripts.frontend_p0_capture" name="test_capture_offline_conflict_and_takeover" time="7.553" /><testcase classname="scripts.frontend_p0_capture" name="test_capture_admin" time="21.388" /><testcase classname="scripts.frontend_p0_capture" name="test_capture_segment_scale[100]" time="7.627" /><testcase classname="scripts.frontend_p0_capture" name="test_capture_segment_scale[500]" time="11.846" /><testcase classname="scripts.frontend_p0_capture" name="test_capture_segment_scale[1000]" time="15.294" /></testsuite></testsuites>