<?xml version="1.0" encoding="utf-8"?><testsuites name="pytest tests"><testsuite name="pytest" errors="0" failures="0" skipped="1" tests="504" time="707.403" timestamp="2026-09-21T19:42:04.729288+08:00" hostname="VM-0-3-ubuntu"><testcase classname="tests.browser.test_cross_check_admin" name="test_overview_opens_all_time_awaiting_queue" time="6.469" /><testcase classname="tests.browser.test_cross_check_admin" name="test_sampling_settings_percent_to_bps" time="4.902" /><testcase classname="tests.browser.test_cross_check_admin" name="test_use_cross_check_decision" time="5.381" /><testcase classname="tests.browser.test_cross_check_admin" name="test_edit_and_publish_sends_full_segments" time="5.889" /><testcase classname="tests.browser.test_cross_check_admin" name="test_cancel_in_progress_and_not_awaiting" time="8.488" /><testcase classname="tests.browser.test_cross_check_admin" name="test_decision_conflict_keeps_local_draft" time="5.854" /><testcase classname="tests.browser.test_cross_check_diff" name="test_unicode_and_emoji_marks_use_code_point_spans" time="5.902" /><testcase classname="tests.browser.test_cross_check_diff" name="test_xss_sample_is_plain_text" time="4.766" /><testcase classname="tests.browser.test_cross_check_diff" name="test_large_detail_and_difference_navigation" time="16.026" /><testcase classname="tests.browser.test_cross_check_diff" name="test_sampling_percent_parser_in_browser" time="3.497" /><testcase classname="tests.browser.test_cross_check_history" name="test_own_submissions_use_ordinary_history_and_detail[w0 w1 w2 w3 w4 w5 w6 w7 w8 w9 w10 w11 w12 w13 w14 w15 w16 w17 w18 w19]" time="5.568" /><testcase classname="tests.browser.test_cross_check_history" name="test_own_submissions_use_ordinary_history_and_detail[Different submitted text]" time="4.525" /><testcase classname="tests.browser.test_cross_check_history" name="test_adjudicated_history_does_not_show_decision_direction" time="4.758" /><testcase classname="tests.browser.test_cross_check_history" name="test_completed_correct_blocked_while_cross_check_open" time="4.629" /><testcase classname="tests.browser.test_cross_check_regressions" name="test_uncertain_decision_locks_form_and_retries_same_body[request-lost]" time="6.426" /><testcase classname="tests.browser.test_cross_check_regressions" name="test_uncertain_decision_locks_form_and_retries_same_body[response-lost]" time="6.596" /><testcase classname="tests.browser.test_cross_check_regressions" name="test_rejected_decision_can_be_corrected_as_new_operation" time="6.082" /><testcase classname="tests.browser.test_cross_check_regressions" name="test_conflicting_edited_draft_remains_copyable[latest-result]" time="6.067" /><testcase classname="tests.browser.test_cross_check_regressions" name="test_conflicting_edited_draft_remains_copyable[reload-fails]" time="5.999" /><testcase classname="tests.browser.test_cross_check_regressions" name="test_declining_refresh_discard_keeps_editable_draft" time="5.120" /><testcase classname="tests.browser.test_cross_check_regressions" name="test_settings_conflict_preserves_inputs_until_explicit_resave[latest-settings]" time="4.905" /><testcase classname="tests.browser.test_cross_check_regressions" name="test_settings_conflict_preserves_inputs_until_explicit_resave[reload-fails]" time="5.334" /><testcase classname="tests.browser.test_cross_check_regressions" name="test_history_filter_switch_allows_reload_and_ignores_old_response" time="5.322" /><testcase classname="tests.browser.test_cross_check_workspace" name="test_cross_check_claim_is_blind_and_submits_awaiting_review" time="5.695" /><testcase classname="tests.browser.test_cross_check_workspace" name="test_identical_cross_check_is_submitted_passed" time="5.266" /><testcase classname="tests.browser.test_cross_check_workspace" name="test_task_abandon_uses_standard_copy[False]" time="4.707" /><testcase classname="tests.browser.test_cross_check_workspace" name="test_task_abandon_uses_standard_copy[True]" time="4.902" /><testcase classname="tests.browser.test_cross_check_workspace" name="test_refresh_restores_nonempty_cross_check_draft" time="6.144" /><testcase classname="tests.browser.test_cross_check_workspace" name="test_complete_response_loss_replays_same_operation" time="6.418" /><testcase classname="tests.browser.test_cross_check_workspace" name="test_old_submission_flash_has_only_standard_feedback[annotated]" time="3.847" /><testcase classname="tests.browser.test_cross_check_workspace" name="test_old_submission_flash_has_only_standard_feedback[skipped]" time="3.911" /><testcase classname="tests.browser.test_cross_check_workspace" name="test_save_error_and_exported_draft_do_not_reveal_task_mode[400]" time="5.080" /><testcase classname="tests.browser.test_cross_check_workspace" name="test_save_error_and_exported_draft_do_not_reveal_task_mode[409]" time="5.529" /><testcase classname="tests.browser.test_cross_check_workspace" name="test_skipping_uses_standard_feedback_and_history[False]" time="5.333" /><testcase classname="tests.browser.test_cross_check_workspace" name="test_skipping_uses_standard_feedback_and_history[True]" time="5.550" /><testcase classname="tests.browser.test_english_platform_acceptance" name="test_english_ui_and_spoken_fallback_across_annotation_admin" time="9.220" /><testcase classname="tests.browser.test_login_dashboard" name="test_login_dashboard_desktop_and_mobile_chart" time="4.253" /><testcase classname="tests.browser.test_login_dashboard" name="test_empty_and_failure_states_do_not_block_login" time="3.695" /><testcase classname="tests.browser.test_login_dashboard" name="test_tooltip_follows_successful_refresh" time="3.793" /><testcase classname="tests.browser.test_login_dashboard" name="test_stale_chart_survives_refresh_failure" time="3.411" /><testcase classname="tests.browser.test_login_dashboard" name="test_login_from_dashboard_still_reaches_workspace" time="3.580" /><testcase classname="tests.browser.test_login_dashboard" name="test_scene_filter_updates_chart_without_refetch" time="3.351" /><testcase classname="tests.browser.test_login_dashboard" name="test_scene_selection_survives_refresh" time="3.175" /><testcase classname="tests.browser.test_regression_corpus_date_stats" name="test_empty_date_filtered_corpus_does_not_show_unfiltered_stock_count" time="3.355" /><testcase classname="tests.browser.test_regression_corpus_date_stats" name="test_partial_date_filtered_total_uses_same_predicate_as_list" time="3.386" /><testcase classname="tests.browser.test_regression_corpus_date_stats" name="test_corpus_match_total_is_not_capped_at_first_page" time="4.415" /><testcase classname="tests.browser.test_regression_english_reopen_display" name="test_reopened_known_source_keeps_english_source_banner" time="4.291" /><testcase classname="tests.browser.test_regression_offline_retry_backoff" name="test_persistent_offline_save_uses_bounded_retry_backoff" time="5.168" /><testcase classname="tests.browser.test_regression_review_only_save" name="test_review_only_manual_save_survives_reload" time="4.956" /><testcase classname="tests.browser.test_regression_review_save_queue" name="test_review_write_disabled_still_saves_transcription" time="4.463" /><testcase classname="tests.browser.test_regression_review_save_queue" name="test_claim_scope_does_not_restrict_truthful_review_labels" time="5.339" /><testcase classname="tests.browser.test_regression_review_save_queue" name="test_lost_save_response_retries_identical_body_then_saves_new_review" time="6.302" /><testcase classname="tests.browser.test_regression_scope_catalog_loading" name="test_scope_editor_waits_for_catalog_and_preserves_existing_access" time="4.577" /><testcase classname="tests.browser.test_regression_scope_editor_loading" name="test_delayed_annotator_detail_blocks_scope_edit_then_saves_restricted_payload" time="7.477" /><testcase classname="tests.browser.test_regression_scope_editor_loading" name="test_stale_annotator_detail_does_not_enable_or_overwrite_the_current_editor" time="9.515" /><testcase classname="tests.browser.test_regression_scope_editor_loading" name="test_failed_annotator_detail_keeps_scope_editor_disabled" time="6.559" /><testcase classname="tests.browser.test_regression_scope_save_navigation" name="test_late_scope_save_preserves_new_person_draft" time="4.350" /><testcase classname="tests.browser.test_regression_source_history_display" name="test_historical_claim_still_displays_all_current_source_scenes" time="5.167" /><testcase classname="tests.browser.test_scene_workflow" name="test_scene_review_cleared_when_returning_to_claim_page[abandon]" time="5.637" /><testcase classname="tests.browser.test_scene_workflow" name="test_scene_review_cleared_when_returning_to_claim_page[complete]" time="5.249" /><testcase classname="tests.browser.test_scene_workflow" name="test_scene_review_cleared_when_returning_to_claim_page[skip]" time="4.575" /><testcase classname="tests.browser.test_scene_workflow" name="test_annotator_admin_scene_provenance_workflow" time="15.650" /><testcase classname="tests.browser.test_scene_workflow" name="test_same_evidence_historical_and_layout" time="6.243" /><testcase classname="tests.browser.test_scene_workflow" name="test_metadata_ui_off_still_saves_transcript" time="4.193" /><testcase classname="tests.browser.test_scene_workflow" name="test_revision_conflict_blocks_further_edits" time="3.944" /><testcase classname="tests.browser.test_session_takeover" name="test_live_session_requires_takeover_and_freezes_old_page" time="5.545" /><testcase classname="tests.browser.test_session_takeover" name="test_stale_presence_allows_automatic_login" time="3.856" /><testcase classname="tests.browser.test_session_takeover" name="test_offline_draft_restores_in_same_context_not_other_device" time="6.930" /><testcase classname="tests.browser.test_session_takeover" name="test_heartbeat_only_still_idle_timeouts" time="3.500" /><testcase classname="tests.browser.test_session_takeover" name="test_activity_does_not_slide_absolute_deadline" time="4.044" /><testcase classname="tests.browser.test_session_takeover" name="test_unauthorized_does_not_navigate_before_local_persist" time="4.773" /><testcase classname="tests.browser.test_session_takeover" name="test_failed_heartbeat_keeps_unreported_activity_and_export_hook" time="3.525" /><testcase classname="tests.browser.test_session_takeover" name="test_account_deactivated_403_freezes_dirty_workspace" time="4.674" /><testcase classname="tests.browser.test_session_takeover" name="test_online_event_replays_save_and_preserves_newer_offline_edit" time="5.520" /><testcase classname="tests.browser.test_session_takeover" name="test_response_lost_then_reload_does_not_ack_newer_local_edit" time="6.684" /><testcase classname="tests.browser.test_session_takeover" name="test_revision_mismatch_requires_copy_or_explicit_discard" time="5.997" /><testcase classname="tests.browser.test_session_takeover" name="test_online_event_replays_pending_completion" time="7.390" /><testcase classname="tests.test_admin_api" name="test_admin_auth_fails_closed_rejects_wrong_key_and_sets_safe_cookie" time="0.518" /><testcase classname="tests.test_admin_api" name="test_admin_session_logout_expiry_and_csrf" time="1.168" /><testcase classname="tests.test_admin_api" name="test_admin_and_annotator_sessions_are_separate" time="0.589" /><testcase classname="tests.test_admin_api" name="test_admin_overview_annotator_detail_and_keyset_pagination" time="0.832" /><testcase classname="tests.test_admin_api" name="test_admin_quality_api_combines_queue_filters" time="0.764" /><testcase classname="tests.test_admin_api" name="test_admin_naive_shanghai_dates_are_interpreted_as_local_midnight" time="0.541" /><testcase classname="tests.test_admin_api" name="test_all_admin_cursors_reject_malformed_and_semantically_invalid_values" time="0.607" /><testcase classname="tests.test_admin_api" name="test_admin_revoke_preview_execute_replay_and_expected_version_conflict" time="0.747" /><testcase classname="tests.test_admin_api" name="test_admin_batch_revoke_is_atomic_via_api" time="0.778" /><testcase classname="tests.test_admin_api" name="test_batch_revoke_requires_step_up_key_but_single_revoke_does_not" time="1.153" /><testcase classname="tests.test_admin_api" name="test_wrong_batch_revoke_step_up_key_is_rate_limited_and_audited" time="0.738" /><testcase classname="tests.test_admin_api" name="test_admin_deactivate_requires_key_reauthentication_and_recycles_work" time="0.723" /><testcase classname="tests.test_admin_api" name="test_admin_audit_api_records_revoke" time="0.620" /><testcase classname="tests.test_admin_api" name="test_admin_facets_are_vocabulary_not_counts" time="0.464" /><testcase classname="tests.test_admin_api" name="test_admin_overview_http_includes_batch_and_review_groups" time="0.549" /><testcase classname="tests.test_admin_api" name="test_admin_scene_scope_requires_csrf_and_replays" time="0.502" /><testcase classname="tests.test_admin_api" name="test_admin_tasks_stale_cursor_is_invalid" time="0.476" /><testcase classname="tests.test_admin_migration" name="test_admin_migration_schema_and_indexes" time="0.519" /><testcase classname="tests.test_admin_migration" name="test_002_backfills_exact_and_reconstructed_baselines" time="0.440" /><testcase classname="tests.test_admin_migration" name="test_new_preprocessed_task_has_separate_exact_immutable_baseline" time="0.522" /><testcase classname="tests.test_admin_migration" name="test_database_rejects_duplicate_baseline_and_plaintext_admin_token" time="0.442" /><testcase classname="tests.test_admin_repository" name="test_admin_session_digest_expiry_and_revocation" time="0.419" /><testcase classname="tests.test_admin_repository" name="test_admin_overview_and_annotator_keyset_pagination" time="0.787" /><testcase classname="tests.test_admin_repository" name="test_admin_quality_filters_search_annotator_and_signal" time="0.843" /><testcase classname="tests.test_admin_repository" name="test_revoke_preview_is_read_only_and_reports_conflicts" time="0.590" /><testcase classname="tests.test_admin_repository" name="test_single_revoke_is_idempotent_audited_and_clones_clean_baseline" time="0.621" /><testcase classname="tests.test_admin_repository" name="test_batch_revoke_conflict_rolls_back_every_item" time="0.716" /><testcase classname="tests.test_admin_repository" name="test_batch_revoke_success_replays_without_duplicate_items" time="0.768" /><testcase classname="tests.test_admin_repository" name="test_revoked_task_blocks_submitter_but_is_claimable_by_another_user" time="0.865" /><testcase classname="tests.test_admin_repository" name="test_deactivate_revokes_current_work_releases_session_and_is_audited" time="0.934" /><testcase classname="tests.test_admin_repository" name="test_deactivate_does_not_revoke_a_later_submitters_current_version" time="0.743" /><testcase classname="tests.test_admin_repository" name="test_admin_audit_and_regular_export_exclude_revoked" time="0.612" /><testcase classname="tests.test_admin_repository" name="test_concurrent_revoke_replay_creates_one_action" time="0.636" /><testcase classname="tests.test_admin_repository" name="test_complete_revision_racing_revoke_never_loses_the_new_submission" time="0.592" /><testcase classname="tests.test_admin_repository" name="test_restore_rejects_deactivate_source_and_inactive_revoke_submitter" time="0.832" /><testcase classname="tests.test_admin_repository" name="test_release_assignment_racing_complete_has_one_consistent_winner" time="0.692" /><testcase classname="tests.test_admin_repository" name="test_restore_racing_deactivate_same_submitter_has_consistent_final_state" time="0.714" /><testcase classname="tests.test_admin_scope" name="test_scene_scope_is_idempotent_revisioned_and_audited" time="0.517" /><testcase classname="tests.test_admin_scope" name="test_existing_assignment_resumes_after_scope_none" time="0.598" /><testcase classname="tests.test_admin_scope" name="test_scope_and_deactivate_same_admin_session_do_not_deadlock" time="0.748" /><testcase classname="tests.test_admin_scope" name="test_scope_and_revoke_same_admin_session_do_not_deadlock" time="0.637" /><testcase classname="tests.test_admin_scope" name="test_scope_and_claim_do_not_deadlock_and_resume_if_assigned" time="0.648" /><testcase classname="tests.test_annotation_speed" name="test_speed_returns_28_days_and_four_weeks" time="0.450" /><testcase classname="tests.test_annotation_speed" name="test_missing_days_are_zero_filled" time="0.521" /><testcase classname="tests.test_annotation_speed" name="test_shanghai_midnight_boundary" time="0.681" /><testcase classname="tests.test_annotation_speed" name="test_sums_multiple_tasks_on_the_same_day" time="0.707" /><testcase classname="tests.test_annotation_speed" name="test_skipped_tasks_are_excluded" time="0.592" /><testcase classname="tests.test_annotation_speed" name="test_revoked_versions_are_excluded" time="0.510" /><testcase classname="tests.test_annotation_speed" name="test_reannotation_counts_only_the_current_version" time="0.719" /><testcase classname="tests.test_annotation_speed" name="test_weekly_average_divides_by_seven_including_zeros" time="0.697" /><testcase classname="tests.test_annotation_speed" name="test_today_is_marked_partial" time="0.512" /><testcase classname="tests.test_annotation_speed" name="test_timezones_do_not_duplicate_or_drop_days" time="0.469" /><testcase classname="tests.test_annotation_speed" name="test_invalid_timezone_is_rejected" time="0.406" /><testcase classname="tests.test_annotation_speed" name="test_airport_duration_is_only_in_airport" time="0.554" /><testcase classname="tests.test_annotation_speed" name="test_missing_and_null_sources_map_to_spoken_languages" time="0.863" /><testcase classname="tests.test_annotation_speed" name="test_duplicate_same_scene_sources_count_once" time="0.582" /><testcase classname="tests.test_annotation_speed" name="test_multi_scene_task_counts_once_in_all_scenes" time="0.529" /><testcase classname="tests.test_annotation_speed" name="test_prediction_and_category_do_not_drive_scene_filter" time="0.719" /><testcase classname="tests.test_annotation_speed" name="test_noncurrent_source_maps_to_spoken_languages" time="0.674" /><testcase classname="tests.test_annotation_speed" name="test_skipped_tasks_are_excluded_from_every_scene" time="0.394" /><testcase classname="tests.test_annotation_speed" name="test_scene_weekly_average_divides_by_seven_including_zeros" time="0.488" /><testcase classname="tests.test_annotation_speed" name="test_revoked_and_superseded_versions_excluded_from_scenes" time="0.659" /><testcase classname="tests.test_annotation_speed" name="test_scene_midnight_boundary_matches_all_scenes" time="0.807" /><testcase classname="tests.test_annotation_speed" name="test_speed_query_uses_partial_indexes" time="2.801" /><testcase classname="tests.test_annotation_speed" name="test_speed_query_plan_on_100k_current_versions" time="0.000"><skipped type="pytest.skip" message="100k EXPLAIN ANALYZE is opt-in (ANNOTATION_SPEED_EXPLAIN=1)">/home/ubuntu/annotation-scene-provenance/tests/test_annotation_speed.py:645: 100k EXPLAIN ANALYZE is opt-in (ANNOTATION_SPEED_EXPLAIN=1)</skipped></testcase><testcase classname="tests.test_annotator_sessions" name="test_first_login_generation_and_deadlines" time="0.393" /><testcase classname="tests.test_annotator_sessions" name="test_resume_same_sid_does_not_bump_generation" time="0.398" /><testcase classname="tests.test_annotator_sessions" name="test_fresh_presence_conflict" time="0.399" /><testcase classname="tests.test_annotator_sessions" name="test_stale_presence_auto_takeover_increments_generation" time="0.371" /><testcase classname="tests.test_annotator_sessions" name="test_idle_and_absolute_expiry_allow_new_login_with_distinct_reasons" time="0.433" /><testcase classname="tests.test_annotator_sessions" name="test_forced_takeover_requires_observed_generation" time="0.396" /><testcase classname="tests.test_annotator_sessions" name="test_forced_takeover_params_cannot_be_replayed" time="0.365" /><testcase classname="tests.test_annotator_sessions" name="test_takeover_token_bound_to_sid_fingerprint_after_logout_relogin" time="0.486" /><testcase classname="tests.test_annotator_sessions" name="test_concurrent_stale_takeover_has_one_winner" time="0.557" /><testcase classname="tests.test_annotator_sessions" name="test_concurrent_forced_takeover_has_one_winner" time="0.432" /><testcase classname="tests.test_annotator_sessions" name="test_old_sid_logout_does_not_delete_new_sid" time="0.449" /><testcase classname="tests.test_annotator_sessions" name="test_presence_heartbeat_does_not_extend_idle" time="0.523" /><testcase classname="tests.test_annotator_sessions" name="test_activity_heartbeat_extends_idle_but_not_absolute" time="0.554" /><testcase classname="tests.test_annotator_sessions" name="test_absolute_expiry_cannot_be_resurrected_by_heartbeat" time="0.545" /><testcase classname="tests.test_annotator_sessions" name="test_deactivated_annotator_cannot_login_or_takeover" time="0.623" /><testcase classname="tests.test_annotator_sessions" name="test_assignment_survives_logout_idle_stale_and_forced_takeover" time="0.807" /><testcase classname="tests.test_annotator_sessions" name="test_inspect_session_status_order" time="0.614" /><testcase classname="tests.test_annotator_sessions" name="test_legacy_cookie_without_generation_is_accepted_when_sid_matches" time="0.573" /><testcase classname="tests.test_annotator_sessions" name="test_save_then_takeover_linearization" time="0.899" /><testcase classname="tests.test_annotator_sessions" name="test_takeover_then_old_save_is_rejected_before_mutation" time="0.527" /><testcase classname="tests.test_annotator_sessions" name="test_takeover_rejects_all_five_write_paths" time="0.597" /><testcase classname="tests.test_annotator_sessions" name="test_fence_runs_before_operation_replay" time="0.696" /><testcase classname="tests.test_annotator_sessions" name="test_write_methods_require_session_fence" time="0.564" /><testcase classname="tests.test_annotator_submission_history" name="test_submission_history_hides_outcomes_and_counts_adopted_version_once[None]" time="0.831" /><testcase classname="tests.test_annotator_submission_history" name="test_submission_history_hides_outcomes_and_counts_adopted_version_once[original]" time="1.076" /><testcase classname="tests.test_annotator_submission_history" name="test_submission_history_hides_outcomes_and_counts_adopted_version_once[secondary]" time="0.856" /><testcase classname="tests.test_annotator_submission_history" name="test_mixed_history_filters_pages_and_preserves_published_summary" time="1.894" /><testcase classname="tests.test_api" name="test_assignment_is_explicit_and_survives_logout" time="0.677" /><testcase classname="tests.test_api" name="test_assignment_pool_is_scoped_to_current_user" time="0.752" /><testcase classname="tests.test_api" name="test_claim_reports_temporarily_locked_pool" time="0.660" /><testcase classname="tests.test_api" name="test_save_complete_history_and_completed_api" time="0.696" /><testcase classname="tests.test_api" name="test_completed_privacy_and_reopen_conflict" time="0.921" /><testcase classname="tests.test_api" name="test_same_name_login_conflict" time="0.542" /><testcase classname="tests.test_api" name="test_audio_range_and_object_authorization" time="0.276" /><testcase classname="tests.test_api" name="test_health_fails_closed_when_schema_is_stale" time="0.477" /><testcase classname="tests.test_api" name="test_pages_require_login_and_completed_route" time="0.504" /><testcase classname="tests.test_api" name="test_login_resume_and_stale_takeover_contract" time="0.472" /><testcase classname="tests.test_api" name="test_forced_takeover_api_and_old_client_replaced" time="0.638" /><testcase classname="tests.test_api" name="test_takeover_token_tamper_user_mismatch_and_expiry" time="2.475" /><testcase classname="tests.test_api" name="test_idle_and_absolute_api_codes" time="0.581" /><testcase classname="tests.test_api" name="test_get_heartbeat_is_presence_only_and_post_can_extend_idle" time="0.558" /><testcase classname="tests.test_api" name="test_current_user_is_client_config_source" time="0.574" /><testcase classname="tests.test_api" name="test_query_validation_and_abandon_returns_pool" time="0.781" /><testcase classname="tests.test_api" name="test_scenes_api_exposes_review_taxonomy_separately_from_claim_scenes" time="0.561" /><testcase classname="tests.test_api" name="test_scenes_api_requires_login" time="0.401" /><testcase classname="tests.test_compatibility_flags" name="test_flags_off_fifo_reads_old_and_new_and_refuses_writes" time="0.622" /><testcase classname="tests.test_compatibility_flags" name="test_old_client_omitting_review_preserves_history" time="0.495" /><testcase classname="tests.test_cross_check_admin" name="test_settings_get_put_stale_revision_and_idempotent_put" time="0.198" /><testcase classname="tests.test_cross_check_admin" name="test_disable_claims_does_not_cancel_open_rounds" time="0.795" /><testcase classname="tests.test_cross_check_admin" name="test_list_default_filters_cursor_and_no_full_text" time="1.526" /><testcase classname="tests.test_cross_check_admin" name="test_detail_includes_both_texts_and_ops" time="0.990" /><testcase classname="tests.test_cross_check_admin" name="test_decision_original_keeps_published_text" time="1.193" /><testcase classname="tests.test_cross_check_admin" name="test_decision_secondary_publishes_frozen_b" time="0.994" /><testcase classname="tests.test_cross_check_admin" name="test_decision_edited_annotated_creates_adjudication_version" time="1.058" /><testcase classname="tests.test_cross_check_admin" name="test_decision_edited_skipped" time="0.893" /><testcase classname="tests.test_cross_check_admin" name="test_two_admins_race_one_decision_succeeds" time="0.837" /><testcase classname="tests.test_cross_check_admin" name="test_decision_replay_and_finished_round_rejects_new_operation" time="0.934" /><testcase classname="tests.test_cross_check_admin" name="test_cancel_in_progress_and_reject_awaiting_review" time="1.055" /><testcase classname="tests.test_cross_check_admin" name="test_annotator_cannot_get_admin_detail_and_csrf_required" time="0.739" /><testcase classname="tests.test_cross_check_admin" name="test_mine_and_submission_visibility" time="0.913" /><testcase classname="tests.test_cross_check_admin" name="test_quality_cross_check_counts" time="1.701" /><testcase classname="tests.test_cross_check_blind" name="test_claim_get_assignment_and_relogin_are_blind" time="0.978" /><testcase classname="tests.test_cross_check_blind" name="test_extra_implant_does_not_leak_through_copy_or_response" time="0.842" /><testcase classname="tests.test_cross_check_blind" name="test_second_user_cannot_save_original_version" time="0.796" /><testcase classname="tests.test_cross_check_blind" name="test_original_author_and_third_user_cannot_read_second_draft" time="0.846" /><testcase classname="tests.test_cross_check_blind" name="test_annotator_cannot_hit_admin_routes" time="0.380" /><testcase classname="tests.test_cross_check_claim" name="test_disabled_and_rate_zero_never_create_rounds" time="0.922" /><testcase classname="tests.test_cross_check_claim" name="test_ten_percent_and_hundred_percent_hit_and_miss" time="0.825" /><testcase classname="tests.test_cross_check_claim" name="test_historical_and_new_annotated_are_claimable" time="1.067" /><testcase classname="tests.test_cross_check_claim" name="test_existing_assignment_resumes_without_rng_or_new_filters" time="0.912" /><testcase classname="tests.test_cross_check_claim" name="test_empty_pool_fallback_both_directions" time="1.039" /><testcase classname="tests.test_cross_check_claim" name="test_both_empty_and_lock_busy_are_distinct" time="1.182" /><testcase classname="tests.test_cross_check_claim" name="test_airport_filter_cannot_claim_hotel_only_audio" time="0.700" /><testcase classname="tests.test_cross_check_claim" name="test_scene_scope_batch_confidence_and_unknown" time="1.342" /><testcase classname="tests.test_cross_check_claim" name="test_batch_and_confidence_combo_does_not_mix_evidence" time="0.922" /><testcase classname="tests.test_cross_check_claim" name="test_multi_source_does_not_increase_weight" time="0.654" /><testcase classname="tests.test_cross_check_claim" name="test_offsets_select_head_middle_and_tail" time="0.983" /><testcase classname="tests.test_cross_check_claim" name="test_reserved_migration_draft_keeps_priority" time="0.546" /><testcase classname="tests.test_cross_check_claim" name="test_covered_original_and_final_versions_are_not_redrawn" time="1.075" /><testcase classname="tests.test_cross_check_claim" name="test_missing_baseline_is_skipped_without_500" time="0.743" /><testcase classname="tests.test_cross_check_claim" name="test_original_author_cannot_claim_own_work" time="0.669" /><testcase classname="tests.test_cross_check_claim" name="test_cancelled_round_save_is_rejected" time="0.774" /><testcase classname="tests.test_cross_check_claim" name="test_abandon_cancels_in_progress_cross_check_round" time="0.965" /><testcase classname="tests.test_cross_check_claim" name="test_admin_release_cancels_in_progress_cross_check_round" time="0.494" /><testcase classname="tests.test_cross_check_comparison" name="test_identical_texts_have_zero_distance_and_do_not_need_review" time="0.001" /><testcase classname="tests.test_cross_check_comparison" name="test_single_word_replace_insert_and_delete" time="0.003" /><testcase classname="tests.test_cross_check_comparison" name="test_repeated_words_and_stable_equal_cost_priority" time="0.002" /><testcase classname="tests.test_cross_check_comparison" name="test_rate_zero_exactly_ten_percent_and_slightly_over" time="0.036" /><testcase classname="tests.test_cross_check_comparison" name="test_integer_threshold_matches_unrounded_rate_examples" time="0.001" /><testcase classname="tests.test_cross_check_comparison" name="test_case_punctuation_apostrophe_hyphen_whitespace_and_combining" time="0.002" /><testcase classname="tests.test_cross_check_comparison" name="test_digits_senses_and_arabic_letters_are_not_over_normalized" time="0.001" /><testcase classname="tests.test_cross_check_comparison" name="test_diff_spans_reference_raw_text_after_unicode_normalization[e\u0301]" time="0.002" /><testcase classname="tests.test_cross_check_comparison" name="test_diff_spans_reference_raw_text_after_unicode_normalization[\u0627\u0654]" time="0.001" /><testcase classname="tests.test_cross_check_comparison" name="test_diff_spans_reference_raw_text_after_unicode_normalization[\u1100\u1161\u11a8]" time="0.001" /><testcase classname="tests.test_cross_check_comparison" name="test_diff_spans_reference_raw_text_after_unicode_normalization[A\u0301\u0327]" time="0.003" /><testcase classname="tests.test_cross_check_comparison" name="test_diff_spans_reference_raw_text_after_unicode_normalization[\u0344]" time="0.001" /><testcase classname="tests.test_cross_check_comparison" name="test_diff_spans_reference_raw_text_after_unicode_normalization[\u0301\u0327]" time="0.001" /><testcase classname="tests.test_cross_check_comparison" name="test_diff_spans_reference_raw_text_after_unicode_normalization[Stra\xdfe]" time="0.001" /><testcase classname="tests.test_cross_check_comparison" name="test_different_segmentation_same_text_keeps_per_side_mappings" time="0.001" /><testcase classname="tests.test_cross_check_comparison" name="test_field_aliases_and_inputs_are_not_mutated" time="0.001" /><testcase classname="tests.test_cross_check_comparison" name="test_one_side_empty_both_empty_and_all_bad_quality" time="0.001" /><testcase classname="tests.test_cross_check_comparison" name="test_secondary_skipped_is_submission_status_conflict" time="0.001" /><testcase classname="tests.test_cross_check_comparison" name="test_bad_quality_same_coverage_different_cuts_is_not_conflict" time="0.001" /><testcase classname="tests.test_cross_check_comparison" name="test_ordinary_cut_points_without_bad_quality_are_not_conflicts" time="0.001" /><testcase classname="tests.test_cross_check_comparison" name="test_different_excluded_ranges_queue_bad_quality_conflict" time="0.000" /><testcase classname="tests.test_cross_check_comparison" name="test_bad_quality_one_millisecond_endpoint_tolerance" time="0.001" /><testcase classname="tests.test_cross_check_comparison" name="test_over_budget_does_not_invent_zero_distance" time="0.001" /><testcase classname="tests.test_cross_check_comparison" name="test_cell_budget_boundary_still_returns_exact_distance" time="0.000" /><testcase classname="tests.test_cross_check_comparison" name="test_punctuation_span_excludes_terminal_mark_and_keeps_joiner" time="0.001" /><testcase classname="tests.test_cross_check_comparison" name="test_usable_punctuation_only_segment_counts_as_empty_text" time="0.003" /><testcase classname="tests.test_cross_check_comparison" name="test_comparison_kernel_source_stays_pure" time="0.002" /><testcase classname="tests.test_cross_check_concurrency" name="test_same_user_double_claim_resumes_one_assignment" time="1.027" /><testcase classname="tests.test_cross_check_concurrency" name="test_two_users_cannot_both_get_in_progress_on_same_task" time="0.723" /><testcase classname="tests.test_cross_check_concurrency" name="test_twenty_users_claim_distinct_cross_check_tasks" time="3.273" /><testcase classname="tests.test_cross_check_concurrency" name="test_reciprocal_claims_do_not_deadlock" time="0.886" /><testcase classname="tests.test_cross_check_concurrency" name="test_claim_skips_original_author_locked_by_admin" time="0.972" /><testcase classname="tests.test_cross_check_export" name="test_open_rounds_excluded_from_training_snapshot" time="1.191" /><testcase classname="tests.test_cross_check_export" name="test_passed_export_only_final_version" time="1.056" /><testcase classname="tests.test_cross_check_export" name="test_adjudicated_export_only_final_version" time="1.330" /><testcase classname="tests.test_cross_check_export" name="test_correction_does_not_inherit_old_quality_result[passed]" time="1.478" /><testcase classname="tests.test_cross_check_export" name="test_correction_does_not_inherit_old_quality_result[original]" time="1.290" /><testcase classname="tests.test_cross_check_export" name="test_correction_does_not_inherit_old_quality_result[secondary]" time="1.522" /><testcase classname="tests.test_cross_check_export" name="test_admin_edited_null_submitter_is_exported" time="1.051" /><testcase classname="tests.test_cross_check_export" name="test_excel_one_row_per_task_including_blocked" time="1.056" /><testcase classname="tests.test_cross_check_export" name="test_export_json_keeps_pending_review_and_adds_eligibility" time="0.755" /><testcase classname="tests.test_cross_check_export" name="test_backup_checklist_includes_quality_tables" time="0.540" /><testcase classname="tests.test_cross_check_lifecycle" name="test_reopen_409_while_in_progress_and_awaiting_review" time="1.413" /><testcase classname="tests.test_cross_check_lifecycle" name="test_revoke_original_invalidates_open_round_and_unblocks" time="1.226" /><testcase classname="tests.test_cross_check_lifecycle" name="test_revoke_in_progress_with_release_conflicts_and_cli_release" time="0.917" /><testcase classname="tests.test_cross_check_lifecycle" name="test_cli_assignment_release_cancels_in_progress_round" time="0.721" /><testcase classname="tests.test_cross_check_lifecycle" name="test_admin_edited_revoke_restore_and_null_annotator_guard" time="1.506" /><testcase classname="tests.test_cross_check_lifecycle" name="test_deactivate_does_not_revoke_admin_edited_credited_result" time="0.841" /><testcase classname="tests.test_cross_check_lifecycle" name="test_deactivate_secondary_cancels_in_progress_keeps_awaiting_review" time="0.958" /><testcase classname="tests.test_cross_check_lifecycle" name="test_deactivate_original_invalidates_awaiting_review_409s_in_progress" time="0.903" /><testcase classname="tests.test_cross_check_lifecycle" name="test_awaiting_review_not_unlocked_by_cancel_disable_logout" time="0.817" /><testcase classname="tests.test_cross_check_lifecycle" name="test_scene_review_correction_blocked_while_round_open" time="0.857" /><testcase classname="tests.test_cross_check_lifecycle" name="test_preprocess_cannot_wipe_cross_check_submitted" time="1.089" /><testcase classname="tests.test_cross_check_lifecycle" name="test_media_after_submit_and_completed_does_not_leak_original" time="1.051" /><testcase classname="tests.test_cross_check_lifecycle" name="test_complete_racing_revoke_and_reopen_racing_claim" time="0.886" /><testcase classname="tests.test_cross_check_migration" name="test_008_upgrades_historical_rows_without_changing_content" time="0.513" /><testcase classname="tests.test_cross_check_migration" name="test_008_backfills_participants_without_inventing_credited_or_system" time="0.454" /><testcase classname="tests.test_cross_check_migration" name="test_008_backfills_credited_annotator_from_submitter" time="0.559" /><testcase classname="tests.test_cross_check_migration" name="test_008_inserts_disabled_settings_row" time="0.449" /><testcase classname="tests.test_cross_check_migration" name="test_fresh_database_includes_version_8" time="0.404" /><testcase classname="tests.test_cross_check_migration" name="test_database_rejects_invalid_cross_check_rows_and_rolls_back" time="0.898" /><testcase classname="tests.test_cross_check_migration" name="test_state_checks_reject_illegal_passed_and_review_rows" time="0.616" /><testcase classname="tests.test_cross_check_migration" name="test_settings_singleton_and_sampling_bounds" time="0.482" /><testcase classname="tests.test_cross_check_migration" name="test_contracts_reject_unknown_fields_and_bool_integers" time="0.001" /><testcase classname="tests.test_cross_check_stats" name="test_one_60s_audio_stays_60_while_b_workload_is_independent" time="0.964" /><testcase classname="tests.test_cross_check_stats" name="test_two_60s_audios_sum_to_120_not_distinct_duration" time="1.315" /><testcase classname="tests.test_cross_check_stats" name="test_awaiting_review_keeps_corpus_duration_and_adds_workload" time="0.915" /><testcase classname="tests.test_cross_check_stats" name="test_pool_splits_normal_and_cross_check_available" time="0.521" /><testcase classname="tests.test_cross_check_stats" name="test_cross_check_by_scene_matches_claim_source_row" time="0.490" /><testcase classname="tests.test_cross_check_stats" name="test_auto_pass_does_not_move_speed_bucket" time="0.810" /><testcase classname="tests.test_cross_check_stats" name="test_adopting_secondary_reattributes_speed_to_b_submit_time" time="0.951" /><testcase classname="tests.test_cross_check_submit" name="test_identical_texts_auto_pass_keeps_original_and_duration" time="1.105" /><testcase classname="tests.test_cross_check_submit" name="test_word_diff_exactly_ten_percent_passes_eleven_queues" time="1.239" /><testcase classname="tests.test_cross_check_submit" name="test_skipped_empty_all_bq_and_bq_conflict_queue" time="1.745" /><testcase classname="tests.test_cross_check_submit" name="test_complete_merges_dirty_segments_before_compare" time="0.989" /><testcase classname="tests.test_cross_check_submit" name="test_snapshot_replays_before_locking_assignment" time="0.005" /><testcase classname="tests.test_cross_check_submit" name="test_snapshot_replays_if_winner_released_assignment" time="1.019" /><testcase classname="tests.test_cross_check_submit" name="test_over_budget_queues_without_zero_distance" time="0.942" /><testcase classname="tests.test_cross_check_submit" name="test_compare_exception_stores_null_word_counts" time="0.932" /><testcase classname="tests.test_cross_check_submit" name="test_assignment_released_but_audio_stays_blocked" time="1.478" /><testcase classname="tests.test_cross_check_submit" name="test_complete_idempotent_replay_and_operation_conflict" time="0.953" /><testcase classname="tests.test_cross_check_submit" name="test_stale_revision_and_original_pointer_conflict" time="1.242" /><testcase classname="tests.test_cross_check_submit" name="test_normal_complete_still_rejects_empty_non_bq" time="0.486" /><testcase classname="tests.test_export_excel_and_training" name="test_excel_includes_source_and_human_columns" time="1.001" /><testcase classname="tests.test_export_excel_and_training" name="test_training_exporter_cli_writes_audio_level_sidecar" time="1.304" /><testcase classname="tests.test_export_top_annotators_tar" name="test_tar_contains_source_path_mapping" time="0.006" /><testcase classname="tests.test_leaderboard_api" name="test_leaderboard_is_public_and_keeps_legacy_field" time="0.432" /><testcase classname="tests.test_leaderboard_api" name="test_leaderboard_includes_annotation_speed_shape" time="0.407" /><testcase classname="tests.test_leaderboard_api" name="test_leaderboard_cache_headers_and_no_private_ids" time="0.429" /><testcase classname="tests.test_leaderboard_api" name="test_leaderboard_server_ttl_cache_skips_repeat_queries" time="0.314" /><testcase classname="tests.test_leaderboard_api" name="test_total_annotated_duration_matches_leaderboard_and_excludes_invalid" time="0.848" /><testcase classname="tests.test_leaderboard_api" name="test_invalid_timezone_fails_at_startup" time="0.007" /><testcase classname="tests.test_leaderboard_api" name="test_static_vendor_whitelist_and_checksums" time="0.288" /><testcase classname="tests.test_leaderboard_api" name="test_login_page_has_no_cdn_and_loads_vendor_scripts" time="0.479" /><testcase classname="tests.test_load_harness_concurrency" name="test_new_claim_latency_scenario_starts_twenty_requests_concurrently" time="0.090" /><testcase classname="tests.test_metadata_export_import" name="test_export_metadata_help_documents_identity_rules" time="2.656" /><testcase classname="tests.test_metadata_export_import" name="test_metadata_round_trip_exact_ids_and_idempotent" time="1.365" /><testcase classname="tests.test_metadata_export_import" name="test_metadata_restore_into_cloned_dataset" time="2.341" /><testcase classname="tests.test_metadata_export_import" name="test_explicit_mapping_and_conflict_rollback" time="2.278" /><testcase classname="tests.test_metadata_export_import" name="test_unknown_format_and_filter_context" time="0.919" /><testcase classname="tests.test_metadata_export_import" name="test_cli_export_import_round_trip" time="4.754" /><testcase classname="tests.test_metadata_export_import" name="test_legacy_export_json_still_round_trips" time="0.592" /><testcase classname="tests.test_metadata_migrations" name="test_003_seeds_scenes_and_keeps_legacy_tasks_unknown" time="0.488" /><testcase classname="tests.test_metadata_migrations" name="test_feature_flags_keep_scope_when_fifo" time="0.552" /><testcase classname="tests.test_metadata_migrations" name="test_metadata_export_round_trip" time="0.404" /><testcase classname="tests.test_metadata_migrations" name="test_003_file_does_not_include_spoken_languages" time="0.001" /><testcase classname="tests.test_metadata_migrations" name="test_005_is_idempotent_and_preserves_null_source_rows" time="0.340" /><testcase classname="tests.test_metadata_migrations" name="test_005_applies_after_004_without_rewriting_prior_migrations" time="0.298" /><testcase classname="tests.test_metadata_migrations" name="test_006_adds_session_columns_and_old_insert_shape_still_works" time="0.434" /><testcase classname="tests.test_metadata_migrations" name="test_007_adds_annotation_speed_indexes" time="0.421" /><testcase classname="tests.test_metadata_queries" name="test_compound_filters_use_same_evidence_and_unique_counts" time="0.384" /><testcase classname="tests.test_metadata_queries" name="test_unknown_scene_includes_legacy_and_null_scene_rows" time="0.499" /><testcase classname="tests.test_migration" name="test_manifest_migrate_verify_export_and_excel" time="0.521" /><testcase classname="tests.test_migration" name="test_manifest_blocks_corrupt_json_and_key_collision" time="0.008" /><testcase classname="tests.test_migration" name="test_source_change_after_manifest_aborts" time="0.358" /><testcase classname="tests.test_migration" name="test_new_file_after_manifest_aborts" time="0.360" /><testcase classname="tests.test_migration" name="test_import_failure_rolls_back_entire_manifest" time="0.462" /><testcase classname="tests.test_migration" name="test_legacy_waveform_array_round_trip" time="0.591" /><testcase classname="tests.test_migration" name="test_non_finite_unknown_json_is_blocked" time="0.003" /><testcase classname="tests.test_migration" name="test_post_migration_completion_exports_current_audit" time="0.639" /><testcase classname="tests.test_postgres_dump_restore" name="test_pg_dump_restore_preserves_provenance_graph" time="2.297" /><testcase classname="tests.test_postgres_dump_restore" name="test_dump_preserves_non_password_libpq_options" time="0.004" /><testcase classname="tests.test_postgres_dump_restore" name="test_restore_refuses_existing_user_schema" time="0.506" /><testcase classname="tests.test_postgres_dump_restore" name="test_dump_refuses_major_version_mismatch" time="0.464" /><testcase classname="tests.test_prediction_snapshot" name="test_draft_prediction_fresh_then_same_version_edit_stale" time="0.543" /><testcase classname="tests.test_prediction_snapshot" name="test_published_prediction_fresh_then_edit_stale" time="0.614" /><testcase classname="tests.test_prediction_snapshot" name="test_join_inference_text_matches_digest_contract" time="0.003" /><testcase classname="tests.test_preprocess_worklist" name="test_collect_pending_audio_collapses_alias_and_inode" time="0.004" /><testcase classname="tests.test_preprocess_worklist" name="test_process_audio_exception_releases_lease" time="0.482" /><testcase classname="tests.test_preprocess_worklist" name="test_begin_processing_blocks_second_worker" time="0.530" /><testcase classname="tests.test_processing_lease" name="test_legacy_no_token_cannot_bypass_active_lease" time="0.518" /><testcase classname="tests.test_processing_lease" name="test_expired_holder_cannot_finalize_after_takeover" time="0.535" /><testcase classname="tests.test_processing_lease" name="test_no_token_store_cannot_bypass_active_lease" time="0.503" /><testcase classname="tests.test_processing_lease" name="test_expired_holder_cannot_store_after_takeover" time="0.558" /><testcase classname="tests.test_processing_lease" name="test_exception_release_allows_successor_acquire" time="0.512" /><testcase classname="tests.test_processing_lease" name="test_heartbeat_keeps_lease_alive" time="2.850" /><testcase classname="tests.test_production_backup.ProductionBackupSafetyTests" name="test_failed_restore_does_not_publish_or_prune" time="0.014" /><testcase classname="tests.test_production_backup.ProductionBackupSafetyTests" name="test_retention_preserves_other_databases_manual_unverified_and_linked_backups" time="0.052" /><testcase classname="tests.test_regression_admin_metadata" name="test_filtered_task_summary_keeps_scene_confidence_association" time="0.591" /><testcase classname="tests.test_regression_admin_metadata" name="test_overview_source_groups_apply_same_evidence_filters" time="0.753" /><testcase classname="tests.test_regression_admin_metadata" name="test_unknown_scene_group_counts_legacy_and_explicit_unknown_once" time="0.699" /><testcase classname="tests.test_regression_admin_metadata" name="test_corpus_cursor_cannot_cross_search_filter_context" time="0.564" /><testcase classname="tests.test_regression_admin_metadata" name="test_claim_headline_uses_selected_evidence_not_first_same_scene" time="0.696" /><testcase classname="tests.test_regression_admin_metadata" name="test_repeated_sources_do_not_double_count_task_or_duration" time="0.593" /><testcase classname="tests.test_regression_admin_metadata" name="test_equal_durations_are_summed_not_collapsed" time="0.597" /><testcase classname="tests.test_regression_admin_metadata" name="test_overview_batch_groups_overlap_and_definitions_are_explicit" time="0.443" /><testcase classname="tests.test_regression_admin_metadata" name="test_draft_review_is_not_published_verification" time="0.742" /><testcase classname="tests.test_regression_admin_metadata" name="test_published_review_groups_include_duration" time="0.628" /><testcase classname="tests.test_regression_admin_metadata" name="test_corpus_cursor_continues_same_search_and_rejects_status_change" time="0.584" /><testcase classname="tests.test_regression_admin_metadata" name="test_applied_filters_include_search_and_source" time="0.569" /><testcase classname="tests.test_regression_admin_metadata" name="test_task_detail_keeps_full_source_provenance" time="0.498" /><testcase classname="tests.test_regression_admin_metadata" name="test_claim_headline_keeps_historical_evidence_after_revision" time="0.654" /><testcase classname="tests.test_regression_backup_runtime" name="test_backup_module_does_not_require_dev_only_pgserver" time="0.002" /><testcase classname="tests.test_regression_backup_runtime" name="test_backup_password_is_not_in_process_args_or_report[dump-process]" time="0.013" /><testcase classname="tests.test_regression_backup_runtime" name="test_backup_password_is_not_in_process_args_or_report[restore-process]" time="0.012" /><testcase classname="tests.test_regression_backup_runtime" name="test_backup_password_is_not_in_process_args_or_report[restore-report]" time="0.002" /><testcase classname="tests.test_regression_english_acceptance" name="test_public_catalog_is_ten_english_scenes_in_requested_order" time="0.533" /><testcase classname="tests.test_regression_english_acceptance" name="test_source_fallback_uses_same_evidence_and_unique_groups[spoken_languages]" time="1.144" /><testcase classname="tests.test_regression_english_acceptance" name="test_source_fallback_uses_same_evidence_and_unique_groups[unknown]" time="1.253" /><testcase classname="tests.test_regression_english_acceptance" name="test_spoken_scope_includes_fallback_and_can_be_revoked[False]" time="0.573" /><testcase classname="tests.test_regression_english_acceptance" name="test_spoken_scope_includes_fallback_and_can_be_revoked[True]" time="0.855" /><testcase classname="tests.test_regression_english_acceptance" name="test_legacy_unknown_permission_remains_accepted_for_nonrestricted_modes[all]" time="0.346" /><testcase classname="tests.test_regression_english_acceptance" name="test_legacy_unknown_permission_remains_accepted_for_nonrestricted_modes[none]" time="0.604" /><testcase classname="tests.test_regression_english_acceptance" name="test_existing_explicit_spoken_prediction_is_filterable_without_rewriting_history" time="0.673" /><testcase classname="tests.test_regression_english_acceptance" name="test_unknown_is_source_compat_only_and_invalid_elsewhere" time="0.316" /><testcase classname="tests.test_regression_import_checkpoint" name="test_metadata_restore_keeps_import_run_checkpoint" time="0.538" /><testcase classname="tests.test_regression_metadata_domain_validation" name="test_dry_run_rejects_invalid_new_source_confidence" time="0.684" /><testcase classname="tests.test_regression_metadata_domain_validation" name="test_dry_run_rejects_invalid_new_review_contract[invalid_status-labels0]" time="0.506" /><testcase classname="tests.test_regression_metadata_domain_validation" name="test_dry_run_rejects_invalid_new_review_contract[confirmed-labels1]" time="0.841" /><testcase classname="tests.test_regression_metadata_domain_validation" name="test_dry_run_rejects_invalid_new_review_contract[mixed-labels2]" time="0.756" /><testcase classname="tests.test_regression_metadata_history_conflicts" name="test_same_source_id_cannot_hide_changed_evidence[source_url-https://example.com/changed-source]" time="0.918" /><testcase classname="tests.test_regression_metadata_history_conflicts" name="test_same_source_id_cannot_hide_changed_evidence[video_id-changed-video]" time="0.580" /><testcase classname="tests.test_regression_metadata_history_conflicts" name="test_same_source_id_cannot_hide_changed_evidence[raw_record-value2]" time="0.588" /><testcase classname="tests.test_regression_metadata_history_conflicts" name="test_same_source_id_cannot_hide_changed_evidence[is_current-False]" time="0.916" /><testcase classname="tests.test_regression_metadata_history_conflicts" name="test_same_prediction_id_cannot_hide_changed_input_or_semantics[input_revision-1]" time="0.785" /><testcase classname="tests.test_regression_metadata_history_conflicts" name="test_same_prediction_id_cannot_hide_changed_input_or_semantics[prompt_version-changed-prompt-v2]" time="0.687" /><testcase classname="tests.test_regression_metadata_history_conflicts" name="test_same_prediction_id_cannot_hide_changed_input_or_semantics[score_meaning-a different score definition]" time="0.783" /><testcase classname="tests.test_regression_metadata_history_conflicts" name="test_same_review_id_cannot_hide_changed_history_timestamp" time="0.768" /><testcase classname="tests.test_regression_metadata_offline_contract" name="test_offline_validation_rejects_malformed_history_timestamps[prediction]" time="0.825" /><testcase classname="tests.test_regression_metadata_offline_contract" name="test_offline_validation_rejects_malformed_history_timestamps[review]" time="0.665" /><testcase classname="tests.test_regression_metadata_offline_contract" name="test_offline_validation_rejects_malformed_history_timestamps[version]" time="0.613" /><testcase classname="tests.test_regression_metadata_offline_contract" name="test_offline_validation_rejects_malformed_history_timestamps[user]" time="0.646" /><testcase classname="tests.test_regression_metadata_offline_contract" name="test_offline_validation_rejects_malformed_history_timestamps[event]" time="0.729" /><testcase classname="tests.test_regression_metadata_offline_contract" name="test_offline_validation_rejects_malformed_history_timestamps[document]" time="0.548" /><testcase classname="tests.test_regression_metadata_offline_contract" name="test_offline_validation_rejects_nan_prediction_score" time="0.638" /><testcase classname="tests.test_regression_metadata_offline_contract" name="test_offline_validation_rejects_declared_cross_task_prediction_input" time="0.632" /><testcase classname="tests.test_regression_metadata_offline_contract" name="test_offline_validation_rejects_declared_cross_task_review_version" time="0.734" /><testcase classname="tests.test_regression_metadata_restore_integrity" name="test_unchanged_export_can_be_imported_repeatedly" time="0.843" /><testcase classname="tests.test_regression_metadata_restore_integrity" name="test_same_review_id_with_different_labels_is_a_conflict" time="0.675" /><testcase classname="tests.test_regression_metadata_restore_integrity" name="test_same_prediction_id_with_different_score_is_a_conflict" time="0.745" /><testcase classname="tests.test_regression_metadata_restore_integrity" name="test_prediction_input_version_cannot_cross_task" time="0.807" /><testcase classname="tests.test_regression_metadata_restore_integrity" name="test_dry_run_validates_new_prediction_fields[score-1.2]" time="0.745" /><testcase classname="tests.test_regression_metadata_restore_integrity" name="test_dry_run_validates_new_prediction_fields[input_revision-invalid-integer]" time="0.836" /><testcase classname="tests.test_regression_metadata_restore_integrity" name="test_dry_run_validates_new_prediction_fields[predicted_scene_code-unrecognized_scene]" time="0.620" /><testcase classname="tests.test_regression_metadata_restore_integrity" name="test_unknown_contract_version_is_rejected" time="0.646" /><testcase classname="tests.test_regression_metadata_restore_integrity" name="test_source_basis_change_is_not_hidden_by_reused_digest" time="0.861" /><testcase classname="tests.test_regression_metadata_restore_integrity" name="test_explicit_review_mapping_replays_without_duplicate_publication_events" time="0.679" /><testcase classname="tests.test_regression_metadata_transaction_boundary" name="test_metadata_helper_does_not_commit_enclosing_work[export]" time="0.448" /><testcase classname="tests.test_regression_metadata_transaction_boundary" name="test_metadata_helper_does_not_commit_enclosing_work[dry_run]" time="0.576" /><testcase classname="tests.test_regression_metadata_transaction_boundary" name="test_metadata_helper_does_not_commit_enclosing_work[invalid_import]" time="0.653" /><testcase classname="tests.test_regression_pg_runner_args" name="test_explicit_pg_runner_keeps_first_test_selection[selection0-False]" time="0.005" /><testcase classname="tests.test_regression_pg_runner_args" name="test_explicit_pg_runner_keeps_first_test_selection[selection0-True]" time="0.002" /><testcase classname="tests.test_regression_pg_runner_args" name="test_explicit_pg_runner_keeps_first_test_selection[selection1-False]" time="0.012" /><testcase classname="tests.test_regression_pg_runner_args" name="test_explicit_pg_runner_keeps_first_test_selection[selection1-True]" time="0.002" /><testcase classname="tests.test_regression_prediction_inputs" name="test_cli_prediction_records_requested_model_and_pre_call_revision" time="0.637" /><testcase classname="tests.test_regression_prediction_inputs" name="test_changed_input_produces_changed_input_digest" time="0.437" /><testcase classname="tests.test_regression_preprocess_deletion" name="test_explicit_rejection_delete_makes_existing_task_ineligible" time="0.526" /><testcase classname="tests.test_regression_preprocess_deletion" name="test_rejected_audio_delete_respects_changed_ownership[processing_successor]" time="0.517" /><testcase classname="tests.test_regression_preprocess_deletion" name="test_rejected_audio_delete_respects_changed_ownership[human_assignment]" time="0.606" /><testcase classname="tests.test_regression_preprocess_deletion" name="test_content_rejection_delete_makes_existing_task_ineligible" time="0.432" /><testcase classname="tests.test_regression_preprocess_deletion" name="test_content_rejection_delete_respects_changed_ownership[processing_successor]" time="0.478" /><testcase classname="tests.test_regression_preprocess_deletion" name="test_content_rejection_delete_respects_changed_ownership[human_assignment]" time="0.658" /><testcase classname="tests.test_regression_preprocess_deletion" name="test_delete_rejected_default_keeps_file_and_records_rejection" time="0.642" /><testcase classname="tests.test_regression_preprocess_deletion" name="test_rejection_delete_preserves_sources" time="0.668" /><testcase classname="tests.test_regression_preprocess_deletion" name="test_rejected_delete_fs_failure_rolls_back_eligibility" time="0.563" /><testcase classname="tests.test_regression_preprocess_identity" name="test_cross_scene_same_video_is_preprocessed_once" time="0.580" /><testcase classname="tests.test_regression_preprocess_identity" name="test_second_scan_of_source_aliases_does_not_recreate" time="0.618" /><testcase classname="tests.test_regression_processing_races" name="test_prediction_snapshot_revision_and_text_are_atomic" time="0.761" /><testcase classname="tests.test_regression_processing_races" name="test_processing_rechecks_human_protection_before_vad" time="0.561" /><testcase classname="tests.test_regression_rejection_rollback" name="test_rejection_database_rollback_restores_audio" time="0.518" /><testcase classname="tests.test_regression_reopen_source_headline" name="test_reopened_task_keeps_known_source_information[False]" time="0.629" /><testcase classname="tests.test_regression_reopen_source_headline" name="test_reopened_task_keeps_known_source_information[True]" time="0.650" /><testcase classname="tests.test_regression_repeated_publication_export" name="test_multiple_reopen_cycles_export_replays_without_false_audit_conflicts[False]" time="0.824" /><testcase classname="tests.test_regression_repeated_publication_export" name="test_multiple_reopen_cycles_export_replays_without_false_audit_conflicts[True]" time="1.138" /><testcase classname="tests.test_regression_reserved_claim_filters" name="test_nonmatching_reserved_task_does_not_block_matching_unreserved_task[scene]" time="0.759" /><testcase classname="tests.test_regression_reserved_claim_filters" name="test_nonmatching_reserved_task_does_not_block_matching_unreserved_task[confidence]" time="0.617" /><testcase classname="tests.test_regression_reserved_claim_filters" name="test_nonmatching_reserved_task_does_not_block_matching_unreserved_task[scope]" time="0.497" /><testcase classname="tests.test_regression_restore_empty_target" name="test_restore_refuses_existing_user_objects_outside_public" time="0.103" /><testcase classname="tests.test_regression_scope_locking" name="test_scope_change_and_deactivation_same_admin_session_do_not_deadlock" time="0.427" /><testcase classname="tests.test_regression_unknown_confidence_scope" name="test_unknown_confidence_does_not_bypass_restricted_scene_scope[False-claim]" time="0.600" /><testcase classname="tests.test_regression_unknown_confidence_scope" name="test_unknown_confidence_does_not_bypass_restricted_scene_scope[False-pool]" time="0.430" /><testcase classname="tests.test_regression_unknown_confidence_scope" name="test_unknown_confidence_does_not_bypass_restricted_scene_scope[True-claim]" time="0.643" /><testcase classname="tests.test_regression_unknown_confidence_scope" name="test_unknown_confidence_does_not_bypass_restricted_scene_scope[True-pool]" time="0.627" /><testcase classname="tests.test_repository" name="test_claim_save_complete_and_resume" time="0.829" /><testcase classname="tests.test_repository" name="test_revision_conflict_and_segment_validation" time="0.626" /><testcase classname="tests.test_repository" name="test_complete_requires_text_or_bad_quality" time="0.489" /><testcase classname="tests.test_repository" name="test_skip_requires_valid_reason" time="0.505" /><testcase classname="tests.test_repository" name="test_completed_privacy_and_revision_draft" time="0.840" /><testcase classname="tests.test_repository" name="test_concurrent_claims_are_unique" time="1.516" /><testcase classname="tests.test_repository" name="test_same_user_concurrent_claim_is_idempotent" time="0.673" /><testcase classname="tests.test_repository" name="test_pool_state_distinguishes_unprocessed" time="0.575" /><testcase classname="tests.test_repository" name="test_pool_state_respects_user_reservations" time="0.460" /><testcase classname="tests.test_repository" name="test_pool_state_reports_all_tasks_assigned_for_another_user" time="0.739" /><testcase classname="tests.test_repository" name="test_pool_state_excludes_pending_task_without_draft" time="0.716" /><testcase classname="tests.test_repository" name="test_claim_distinguishes_temporarily_locked_pool" time="0.526" /><testcase classname="tests.test_repository" name="test_abandon_and_reopen_are_idempotent" time="0.829" /><testcase classname="tests.test_repository" name="test_concurrent_reopen_same_operation_is_idempotent" time="0.495" /><testcase classname="tests.test_repository" name="test_nan_time_is_rejected" time="0.330" /><testcase classname="tests.test_repository" name="test_admin_release_abandons_revision_draft" time="0.587" /><testcase classname="tests.test_repository" name="test_login_same_name_is_atomic" time="0.542" /><testcase classname="tests.test_scene_claims" name="test_batch_only_claim_excludes_unrelated_high_confidence" time="0.654" /><testcase classname="tests.test_scene_claims" name="test_airport_priority_uses_airport_evidence" time="0.608" /><testcase classname="tests.test_scene_claims" name="test_unknown_confidence_excludes_known_high_sources" time="0.505" /><testcase classname="tests.test_scene_claims" name="test_assigned_scene_is_temporary_empty_not_nonexistent" time="0.631" /><testcase classname="tests.test_scene_claims" name="test_scope_uses_allowed_evidence_and_existing_work_resumes" time="0.589" /><testcase classname="tests.test_scene_claims" name="test_same_confidence_preserves_allocation_order" time="0.623" /><testcase classname="tests.test_scene_claims" name="test_twenty_users_claim_distinct_tasks" time="1.353" /><testcase classname="tests.test_scene_claims" name="test_scene_counts_match_per_scene_pool" time="0.680" /><testcase classname="tests.test_scene_claims" name="test_restricted_scope_counts_do_not_leak_other_scenes" time="0.566" /><testcase classname="tests.test_scene_claims" name="test_unauthorized_selected_scene_is_forbidden" time="0.392" /><testcase classname="tests.test_scene_reviews" name="test_legacy_complete_does_not_clear_review" time="0.615" /><testcase classname="tests.test_scene_reviews" name="test_review_saves_with_complete_and_ignores_label_order" time="0.896" /><testcase classname="tests.test_scene_reviews" name="test_unpublished_confirmed_headline_uses_human_labels_not_published_wording" time="0.729" /><testcase classname="tests.test_scene_reviews" name="test_correction_draft_review_is_pending_not_published" time="0.749" /><testcase classname="tests.test_scene_reviews" name="test_admin_review_correction_and_replay" time="0.764" /><testcase classname="tests.test_source_import" name="test_jsonl_two_complete_records_and_unterminated_first_line" time="0.007" /><testcase classname="tests.test_source_import" name="test_crawler_relative_path_keeps_three_level_depth" time="0.005" /><testcase classname="tests.test_source_import" name="test_malformed_checksum_is_rejected" time="0.001" /><testcase classname="tests.test_source_import" name="test_missing_status_is_not_ready" time="0.000" /><testcase classname="tests.test_source_import" name="test_actual_shape_import_is_idempotent" time="0.359" /><testcase classname="tests.test_source_import" name="test_malformed_sidecar_is_reported" time="0.299" /><testcase classname="tests.test_source_import" name="test_manifest_pcm_must_match_actual_audio" time="0.292" /><testcase classname="tests.test_source_import" name="test_same_size_different_destination_is_not_silently_accepted" time="0.459" /><testcase classname="tests.test_source_import" name="test_cross_batch_same_video_concurrent_import_has_one_task[0]" time="0.593" /><testcase classname="tests.test_source_import" name="test_cross_batch_same_video_concurrent_import_has_one_task[1]" time="0.524" /><testcase classname="tests.test_source_import" name="test_cross_batch_same_video_concurrent_import_has_one_task[2]" time="0.393" /><testcase classname="tests.test_source_import" name="test_cross_batch_same_video_concurrent_import_has_one_task[3]" time="0.226" /><testcase classname="tests.test_source_import" name="test_source_record_cannot_move_between_tasks" time="0.427" /></testsuite></testsuites>